<?xml version="1.0" encoding="UTF-8"?>
<!-- Generated by org.testng.reporters.JUnitXMLReporter -->
<testsuite ignored="0" hostname="L7101107775" failures="0" tests="6" name="Default test" time="11.321" errors="0" timestamp="2024-05-04T17:44:17 IST">
  <testcase classname="api.tests.DDtests" name="testPost" time="3.546"/>
  <testcase classname="api.tests.DDtests" name="testPost" time="1.316"/>
  <testcase classname="api.tests.DDtests" name="testPost" time="1.293"/>
  <testcase classname="api.tests.DDtests" name="testdeleteByUsername" time="1.248"/>
  <testcase classname="api.tests.DDtests" name="testdeleteByUsername" time="1.217"/>
  <testcase classname="api.tests.DDtests" name="testdeleteByUsername" time="1.304"/>
</testsuite> <!-- Default test -->
