<?xml version="1.0" encoding="UTF-8"?>
<testng-results ignored="0" total="4" passed="4" failed="0" skipped="0">
  <reporter-output>
  </reporter-output>
  <suite started-at="2024-05-05T08:28:43 IST" name="PetSuite" finished-at="2024-05-05T08:28:51 IST" duration-ms="7797">
    <groups>
    </groups>
    <test started-at="2024-05-05T08:28:43 IST" name="PetTest" finished-at="2024-05-05T08:28:51 IST" duration-ms="7797">
      <class name="api.tests.UserTests2">
        <test-method is-config="true" signature="setup()[pri:0, instance:api.tests.UserTests2@31fa1761]" started-at="2024-05-05T08:28:43 IST" name="setup" finished-at="2024-05-05T08:28:44 IST" duration-ms="448" status="PASS">
          <reporter-output>
          </reporter-output>
        </test-method> <!-- setup -->
        <test-method signature="testPostRequest()[pri:1, instance:api.tests.UserTests2@31fa1761]" started-at="2024-05-05T08:28:44 IST" name="testPostRequest" finished-at="2024-05-05T08:28:47 IST" duration-ms="3248" status="PASS">
          <reporter-output>
          </reporter-output>
        </test-method> <!-- testPostRequest -->
        <test-method signature="testGetRequest()[pri:2, instance:api.tests.UserTests2@31fa1761]" started-at="2024-05-05T08:28:47 IST" name="testGetRequest" finished-at="2024-05-05T08:28:49 IST" duration-ms="1298" status="PASS">
          <reporter-output>
          </reporter-output>
        </test-method> <!-- testGetRequest -->
        <test-method signature="testUpdateRequest()[pri:3, instance:api.tests.UserTests2@31fa1761]" started-at="2024-05-05T08:28:49 IST" name="testUpdateRequest" finished-at="2024-05-05T08:28:50 IST" duration-ms="1269" status="PASS">
          <reporter-output>
          </reporter-output>
        </test-method> <!-- testUpdateRequest -->
        <test-method signature="deleteRequest()[pri:4, instance:api.tests.UserTests2@31fa1761]" started-at="2024-05-05T08:28:50 IST" name="deleteRequest" finished-at="2024-05-05T08:28:51 IST" duration-ms="1265" status="PASS">
          <reporter-output>
          </reporter-output>
        </test-method> <!-- deleteRequest -->
      </class> <!-- api.tests.UserTests2 -->
    </test> <!-- PetTest -->
  </suite> <!-- PetSuite -->
</testng-results>
