<?xml version="1.0" encoding="UTF-8"?>
<!-- Generated by org.testng.reporters.JUnitXMLReporter -->
<testsuite ignored="0" hostname="L7101107775" failures="0" tests="4" name="PetTest" time="8.702" errors="0" timestamp="2024-05-05T09:13:30 IST">
  <testcase classname="api.tests.UserTests2" name="testPostRequest" time="3.711"/>
  <testcase classname="api.tests.UserTests2" name="testGetRequest" time="1.132"/>
  <testcase classname="api.tests.UserTests2" name="testUpdateRequest" time="1.623"/>
  <testcase classname="api.tests.UserTests2" name="deleteRequest" time="1.238"/>
</testsuite> <!-- PetTest -->
