<?xml version="1.0" encoding="UTF-8"?>
<!-- Generated by org.testng.reporters.JUnitXMLReporter -->
<testsuite ignored="0" hostname="L7101107775" failures="0" tests="4" name="PetTest" time="7.797" errors="0" timestamp="2024-05-05T08:28:51 IST">
  <testcase classname="api.tests.UserTests2" name="testPostRequest" time="3.248"/>
  <testcase classname="api.tests.UserTests2" name="testGetRequest" time="1.298"/>
  <testcase classname="api.tests.UserTests2" name="testUpdateRequest" time="1.269"/>
  <testcase classname="api.tests.UserTests2" name="deleteRequest" time="1.265"/>
</testsuite> <!-- PetTest -->
